nwdp wq_tools wq_tools.sh is not configured to run on this node
/usr/local/lib/python3.5/dist-packages/statsmodels/compat/pandas.py:56: FutureWarning: The pandas.core.datetools module is deprecated and will be removed in a future version. Please use the pandas.tseries module instead.
  from pandas.core import datetools
/usr/local/lib/python3.5/dist-packages/pandas/core/computation/check.py:17: UserWarning: The installed version of numexpr 2.4.3 is not supported in pandas and will be not be used
The minimum supported version is 2.4.6

  ver=ver, min_ver=_MIN_NUMEXPR_VERSION), UserWarning)
/usr/local/lib/python3.5/dist-packages/statsmodels/nonparametric/smoothers_lowess.py:165: RuntimeWarning: invalid value encountered in true_divide
  res = _lowess(y, x, frac=frac, it=it, delta=delta)
/usr/lib/python3/dist-packages/numpy/lib/function_base.py:3558: RuntimeWarning: Invalid value encountered in median
  RuntimeWarning)
/usr/local/lib/python3.5/dist-packages/statsmodels/nonparametric/smoothers_lowess.py:165: RuntimeWarning: invalid value encountered in greater_equal
  res = _lowess(y, x, frac=frac, it=it, delta=delta)
/usr/lib/python3/dist-packages/numpy/core/_methods.py:59: RuntimeWarning: Mean of empty slice.
  warnings.warn("Mean of empty slice.", RuntimeWarning)
/usr/lib/python3/dist-packages/numpy/core/_methods.py:70: RuntimeWarning: invalid value encountered in double_scalars
  ret = ret.dtype.type(ret / rcount)
110 36
115 36
116 36
117 36
118 36
119 36
120 36
122 36
125 36
127 36
130 36
135 36
110 <79
115 <79
116 <79
117 <79
118 <79
119 89
120 >120
122 >120
125 >120
127 >120
130 >120
135 >120
110 21
115 >27
116 >27
117 >27
118 >27
119 >27
120 >27
122 >27
125 >27
127 >27
130 >27
135 >27
110 5
115 5
116 5
117 5
118 5
119 5
120 5
122 5
125 5
127 5
130 5
135 5
110 >15
115 >15
116 >15
117 >15
118 >15
119 >15
120 >15
122 >15
125 >15
127 >15
130 >15
135 >15
110 >26
115 >26
116 >26
117 >26
118 >26
119 >26
120 >26
122 >26
125 >26
127 >26
130 >26
135 >26
No data for LGSA.%-Saturation-TDG.Inst.1Hour.0.GOES-COMPUTED-REV
No data for TDA.%-Saturation-TDG.Inst.1Hour.0.GOES-COMPUTED-REV
No data for LWG.%-Saturation-TDG.Inst.1Hour.0.GOES-COMPUTED-REV
No data for IHRA.%-Saturation-TDG.Inst.1Hour.0.GOES-COMPUTED-REV
No data for MCNA.%-Saturation-TDG.Inst.1Hour.0.GOES-COMPUTED-REV
No data for BON.%-Saturation-TDG.Inst.1Hour.0.GOES-COMPUTED-REV
No data for LMNA.%-Saturation-TDG.Inst.1Hour.0.GOES-COMPUTED-REV
No data for CHQW.%-Saturation-TDG.Inst.1Hour.0.NWSRADIO-COMPUTED-REV
No data for CCIW.%-Saturation-TDG.Inst.1Hour.0.GOES-COMPUTED-REV
No data for CWMW.%-Saturation-TDG.Inst.1Hour.0.GOES-COMPUTED-REV
No data for JDY.%-Saturation-TDG.Inst.1Hour.0.GOES-COMPUTED-REV
